<?xml version="1.0" encoding="UTF-8"?>
<testng-results ignored="0" total="0" passed="0" failed="0" skipped="0">
  <reporter-output>
  </reporter-output>
  <suite started-at="2024-04-25T14:31:29Z" name="com.atmecs.nsm.demo.ACI_Quote.AppTest" finished-at="2024-04-25T14:31:29Z" duration-ms="9">
    <groups>
    </groups>
    <test started-at="2024-04-25T14:31:29Z" name="Command line test" finished-at="2024-04-25T14:31:29Z" duration-ms="9">
    </test> <!-- Command line test -->
  </suite> <!-- com.atmecs.nsm.demo.ACI_Quote.AppTest -->
</testng-results>
