<?xml version="1.0" encoding="UTF-8"?>
<testng-results total="0" passed="0" failed="0" skipped="0">
  <reporter-output>
  </reporter-output>
  <suite started-at="2024-04-25T15:09:22Z" name="com.atmecs.nsm.demo.ACI_Xem_Falcon_Test.AppTest" finished-at="2024-04-25T15:09:22Z" duration-ms="3">
    <groups>
    </groups>
    <test started-at="2024-04-25T15:09:22Z" name="Command line test" finished-at="2024-04-25T15:09:22Z" duration-ms="3">
    </test> <!-- Command line test -->
  </suite> <!-- com.atmecs.nsm.demo.ACI_Xem_Falcon_Test.AppTest -->
</testng-results>
