<?xml version="1.0" encoding="UTF-8"?>
<testng-results ignored="0" total="1" passed="0" failed="1" skipped="0">
  <reporter-output>
    <line>
      <![CDATA[Opening browser: param-val-not-found]]>
    </line>
    <line>
      <![CDATA[Browser is not available to close the browser Cannot invoke "org.openqa.selenium.WebDriver.quit()" because "this.driver" is null]]>
    </line>
  </reporter-output>
  <suite started-at="2024-04-25T20:34:32 IST" name="Default suite" finished-at="2024-04-25T20:34:32 IST" duration-ms="76">
    <groups>
    </groups>
    <test started-at="2024-04-25T20:34:32 IST" name="Default test" finished-at="2024-04-25T20:34:32 IST" duration-ms="76">
      <class name="com.atmecs.nsm.demo.ACI_Xem_Falcon_Test.testscript.SampleTestScript">
        <test-method is-config="true" signature="preSetup()[pri:0, instance:com.atmecs.nsm.demo.ACI_Xem_Falcon_Test.testscript.SampleTestScript@15a34df2]" started-at="2024-04-25T20:34:32 IST" name="preSetup" finished-at="2024-04-25T20:34:32 IST" duration-ms="43" status="PASS">
          <reporter-output>
          </reporter-output>
        </test-method> <!-- preSetup -->
        <test-method signature="sampleTest(java.lang.String,java.lang.String,java.lang.String,java.lang.String)[pri:0, instance:com.atmecs.nsm.demo.ACI_Xem_Falcon_Test.testscript.SampleTestScript@15a34df2]" started-at="2024-04-25T20:34:32 IST" name="sampleTest" finished-at="2024-04-25T20:34:32 IST" duration-ms="18" status="FAIL">
          <params>
            <param index="0">
              <value>
                <![CDATA[param-val-not-found]]>
              </value>
            </param>
            <param index="1">
              <value>
                <![CDATA[param-val-not-found]]>
              </value>
            </param>
            <param index="2">
              <value>
                <![CDATA[param-val-not-found]]>
              </value>
            </param>
            <param index="3">
              <value>
                <![CDATA[param-val-not-found]]>
              </value>
            </param>
          </params>
          <exception class="java.lang.IllegalArgumentException">
            <message>
              <![CDATA[No enum constant com.atmecs.falcon.automation.util.enums.BrowserType.PARAM-VAL-NOT-FOUND]]>
            </message>
            <full-stacktrace>
              <![CDATA[java.lang.IllegalArgumentException: No enum constant com.atmecs.falcon.automation.util.enums.BrowserType.PARAM-VAL-NOT-FOUND
at java.base/java.lang.Enum.valueOf(Enum.java:273)
at com.atmecs.falcon.automation.util.enums.BrowserType.valueOf(BrowserType.java:1)
at com.atmecs.falcon.automation.ui.selenium.RunModeLocal.<init>(RunModeLocal.java:29)
at com.atmecs.falcon.automation.ui.selenium.RunModeFactory.getRunMode(RunModeFactory.java:35)
at com.atmecs.falcon.automation.ui.selenium.Browser.openURL(Browser.java:372)
at com.atmecs.nsm.demo.ACI_Xem_Falcon_Test.testscript.SampleTestScript.sampleTest(SampleTestScript.java:23)
at java.base/jdk.internal.reflect.NativeMethodAccessorImpl.invoke0(Native Method)
at java.base/jdk.internal.reflect.NativeMethodAccessorImpl.invoke(NativeMethodAccessorImpl.java:64)
at java.base/jdk.internal.reflect.DelegatingMethodAccessorImpl.invoke(DelegatingMethodAccessorImpl.java:43)
at java.base/java.lang.reflect.Method.invoke(Method.java:564)
at org.testng.internal.MethodInvocationHelper.invokeMethod(MethodInvocationHelper.java:133)
at org.testng.internal.TestInvoker.invokeMethod(TestInvoker.java:598)
at org.testng.internal.TestInvoker.invokeTestMethod(TestInvoker.java:173)
at org.testng.internal.MethodRunner.runInSequence(MethodRunner.java:46)
at org.testng.internal.TestInvoker$MethodInvocationAgent.invoke(TestInvoker.java:824)
at org.testng.internal.TestInvoker.invokeTestMethods(TestInvoker.java:146)
at org.testng.internal.TestMethodWorker.invokeTestMethods(TestMethodWorker.java:146)
at org.testng.internal.TestMethodWorker.run(TestMethodWorker.java:128)
at java.base/java.util.ArrayList.forEach(ArrayList.java:1511)
at org.testng.TestRunner.privateRun(TestRunner.java:794)
at org.testng.TestRunner.run(TestRunner.java:596)
at org.testng.SuiteRunner.runTest(SuiteRunner.java:377)
at org.testng.SuiteRunner.runSequentially(SuiteRunner.java:371)
at org.testng.SuiteRunner.privateRun(SuiteRunner.java:332)
at org.testng.SuiteRunner.run(SuiteRunner.java:276)
at org.testng.SuiteRunnerWorker.runSuite(SuiteRunnerWorker.java:53)
at org.testng.SuiteRunnerWorker.run(SuiteRunnerWorker.java:96)
at org.testng.TestNG.runSuitesSequentially(TestNG.java:1212)
at org.testng.TestNG.runSuitesLocally(TestNG.java:1134)
at org.testng.TestNG.runSuites(TestNG.java:1063)
at org.testng.TestNG.run(TestNG.java:1031)
at org.testng.remote.AbstractRemoteTestNG.run(AbstractRemoteTestNG.java:115)
at org.testng.remote.RemoteTestNG.initAndRun(RemoteTestNG.java:251)
at org.testng.remote.RemoteTestNG.main(RemoteTestNG.java:77)
]]>
            </full-stacktrace>
          </exception> <!-- java.lang.IllegalArgumentException -->
          <reporter-output>
            <line>
              <![CDATA[Opening browser: param-val-not-found]]>
            </line>
          </reporter-output>
        </test-method> <!-- sampleTest -->
        <test-method is-config="true" signature="teardown()[pri:0, instance:com.atmecs.nsm.demo.ACI_Xem_Falcon_Test.testscript.SampleTestScript@15a34df2]" started-at="2024-04-25T20:34:32 IST" name="teardown" finished-at="2024-04-25T20:34:32 IST" duration-ms="1" status="PASS">
          <reporter-output>
            <line>
              <![CDATA[Browser is not available to close the browser Cannot invoke "org.openqa.selenium.WebDriver.quit()" because "this.driver" is null]]>
            </line>
          </reporter-output>
        </test-method> <!-- teardown -->
      </class> <!-- com.atmecs.nsm.demo.ACI_Xem_Falcon_Test.testscript.SampleTestScript -->
    </test> <!-- Default test -->
  </suite> <!-- Default suite -->
</testng-results>
